<?xml version="1.0" encoding="UTF-8"?>
<!-- Generated by org.testng.reporters.JUnitReportReporter -->
<testsuite skipped="0" hostname="Is-MacBook-Pro" name="com.qa.darkskynet.tests.MainPageTest" tests="3" failures="0" timestamp="2020-08-10T01:52:28 CDT" time="12.964" errors="0">
  <testcase name="getAllTemp" time="1.752" classname="com.qa.darkskynet.tests.MainPageTest"/>
  <system-out/>
  <testcase name="verifyCheckHighestTemp" time="5.613" classname="com.qa.darkskynet.tests.MainPageTest"/>
  <system-out/>
  <testcase name="verifyCheckLowestTemp" time="5.599" classname="com.qa.darkskynet.tests.MainPageTest"/>
  <system-out/>
</testsuite> <!-- com.qa.darkskynet.tests.MainPageTest -->
