<?xml version="1.0" encoding="UTF-8"?>
<!-- Generated by org.testng.reporters.JUnitReportReporter -->
<testsuite skipped="0" hostname="Hayriyes-MBP" name="com.qa.darkskynet.tests.HomePageTest" tests="2" failures="0" timestamp="2020-08-03T14:03:49 EDT" time="11.160" errors="0">
  <testcase name="verifyCheckLowestTemp" time="5.794" classname="com.qa.darkskynet.tests.HomePageTest"/>
  <system-out/>
  <testcase name="verifyCheckHighestTemp" time="5.366" classname="com.qa.darkskynet.tests.HomePageTest"/>
  <system-out/>
</testsuite> <!-- com.qa.darkskynet.tests.HomePageTest -->
